<?xml version="1.0" encoding="UTF-8"?>
<!-- Generated by org.testng.reporters.JUnitXMLReporter -->
<testsuite ignored="0" hostname="Navi-Dude-137" failures="0" tests="3" name="Default test" time="48.831" errors="0" timestamp="2024-03-30T11:03:34 IST">
  <testcase classname="Objects.GreensTest" name="openAmazon" time="17.357"/>
  <testcase classname="Objects.GreensTest" name="openFlipkart" time="19.32"/>
  <testcase classname="Objects.GreensTest" name="openZfacebook" time="5.964"/>
</testsuite> <!-- Default test -->
