<?xml version="1.0" encoding="UTF-8"?>
<!-- Generated by org.testng.reporters.JUnitXMLReporter -->
<testsuite ignored="0" hostname="Navi-Dude-137" failures="0" tests="3" name="chromeTest" time="21.816" errors="0" timestamp="2024-03-31T23:02:08 IST">
  <testcase classname="Objects.CrossBrowserPage" name="openBrowser" time="2.056"/>
  <testcase classname="Objects.CrossBrowserPage" name="openFlipkart" time="18.472"/>
  <testcase classname="Objects.CrossBrowserPage" name="closeBroswer" time="1.232"/>
</testsuite> <!-- chromeTest -->
