<?xml version="1.0" encoding="UTF-8"?>
<!-- Generated by org.testng.reporters.JUnitXMLReporter -->
<testsuite ignored="0" hostname="Navi-Dude-137" failures="0" tests="3" name="edgeTest" time="24.2" errors="0" timestamp="2024-03-31T23:02:11 IST">
  <testcase classname="Objects.CrossBrowserPage" name="openBrowser" time="5.627"/>
  <testcase classname="Objects.CrossBrowserPage" name="openFlipkart" time="17.734"/>
  <testcase classname="Objects.CrossBrowserPage" name="closeBroswer" time="0.792"/>
</testsuite> <!-- edgeTest -->
