<?xml version="1.0" encoding="UTF-8"?>
<!-- Generated by org.testng.reporters.JUnitXMLReporter -->
<testsuite ignored="0" hostname="Navi-Dude-137" failures="0" tests="3" name="firefoxTest" time="32.491" errors="0" timestamp="2024-03-31T23:02:19 IST">
  <testcase classname="Objects.CrossBrowserPage" name="openBrowser" time="16.785"/>
  <testcase classname="Objects.CrossBrowserPage" name="openFlipkart" time="12.528"/>
  <testcase classname="Objects.CrossBrowserPage" name="closeBroswer" time="3.126"/>
</testsuite> <!-- firefoxTest -->
