<?xml version="1.0" encoding="UTF-8"?>
<testng-results ignored="0" total="9" passed="9" failed="0" skipped="0">
  <reporter-output>
  </reporter-output>
  <suite started-at="2024-03-31T23:01:46 IST" name="Suite" finished-at="2024-03-31T23:02:19 IST" duration-ms="32491">
    <groups>
    </groups>
    <test started-at="2024-03-31T23:01:46 IST" name="chromeTest" finished-at="2024-03-31T23:02:08 IST" duration-ms="21816">
      <class name="Objects.CrossBrowserPage">
        <test-method signature="openBrowser(java.lang.String)[pri:-1, instance:Objects.CrossBrowserPage@60099951]" started-at="2024-03-31T23:01:47 IST" name="openBrowser" finished-at="2024-03-31T23:01:49 IST" duration-ms="2056" status="PASS">
          <params>
            <param index="0">
              <value>
                <![CDATA[chromeBrowser]]>
              </value>
            </param>
          </params>
          <reporter-output>
          </reporter-output>
        </test-method> <!-- openBrowser -->
        <test-method signature="openFlipkart()[pri:0, instance:Objects.CrossBrowserPage@60099951]" started-at="2024-03-31T23:01:49 IST" name="openFlipkart" finished-at="2024-03-31T23:02:07 IST" duration-ms="18472" status="PASS">
          <reporter-output>
          </reporter-output>
        </test-method> <!-- openFlipkart -->
        <test-method signature="closeBroswer()[pri:11, instance:Objects.CrossBrowserPage@60099951]" started-at="2024-03-31T23:02:07 IST" name="closeBroswer" finished-at="2024-03-31T23:02:08 IST" duration-ms="1232" status="PASS">
          <reporter-output>
          </reporter-output>
        </test-method> <!-- closeBroswer -->
      </class> <!-- Objects.CrossBrowserPage -->
    </test> <!-- chromeTest -->
    <test started-at="2024-03-31T23:01:46 IST" name="edgeTest" finished-at="2024-03-31T23:02:11 IST" duration-ms="24200">
      <class name="Objects.CrossBrowserPage">
        <test-method signature="openBrowser(java.lang.String)[pri:-1, instance:Objects.CrossBrowserPage@2cb4893b]" started-at="2024-03-31T23:01:47 IST" name="openBrowser" finished-at="2024-03-31T23:01:52 IST" duration-ms="5627" status="PASS">
          <params>
            <param index="0">
              <value>
                <![CDATA[edgeBrowser]]>
              </value>
            </param>
          </params>
          <reporter-output>
          </reporter-output>
        </test-method> <!-- openBrowser -->
        <test-method signature="openFlipkart()[pri:0, instance:Objects.CrossBrowserPage@2cb4893b]" started-at="2024-03-31T23:01:52 IST" name="openFlipkart" finished-at="2024-03-31T23:02:10 IST" duration-ms="17734" status="PASS">
          <reporter-output>
          </reporter-output>
        </test-method> <!-- openFlipkart -->
        <test-method signature="closeBroswer()[pri:11, instance:Objects.CrossBrowserPage@2cb4893b]" started-at="2024-03-31T23:02:10 IST" name="closeBroswer" finished-at="2024-03-31T23:02:11 IST" duration-ms="792" status="PASS">
          <reporter-output>
          </reporter-output>
        </test-method> <!-- closeBroswer -->
      </class> <!-- Objects.CrossBrowserPage -->
    </test> <!-- edgeTest -->
    <test started-at="2024-03-31T23:01:46 IST" name="firefoxTest" finished-at="2024-03-31T23:02:19 IST" duration-ms="32491">
      <class name="Objects.CrossBrowserPage">
        <test-method signature="openBrowser(java.lang.String)[pri:-1, instance:Objects.CrossBrowserPage@68c9133c]" started-at="2024-03-31T23:01:47 IST" name="openBrowser" finished-at="2024-03-31T23:02:03 IST" duration-ms="16785" status="PASS">
          <params>
            <param index="0">
              <value>
                <![CDATA[firefoxBrowser]]>
              </value>
            </param>
          </params>
          <reporter-output>
          </reporter-output>
        </test-method> <!-- openBrowser -->
        <test-method signature="openFlipkart()[pri:0, instance:Objects.CrossBrowserPage@68c9133c]" started-at="2024-03-31T23:02:03 IST" name="openFlipkart" finished-at="2024-03-31T23:02:16 IST" duration-ms="12528" status="PASS">
          <reporter-output>
          </reporter-output>
        </test-method> <!-- openFlipkart -->
        <test-method signature="closeBroswer()[pri:11, instance:Objects.CrossBrowserPage@68c9133c]" started-at="2024-03-31T23:02:16 IST" name="closeBroswer" finished-at="2024-03-31T23:02:19 IST" duration-ms="3126" status="PASS">
          <reporter-output>
          </reporter-output>
        </test-method> <!-- closeBroswer -->
      </class> <!-- Objects.CrossBrowserPage -->
    </test> <!-- firefoxTest -->
  </suite> <!-- Suite -->
</testng-results>
